<!DOCTYPE html PUBLIC "-//W3C//DTD XHTML 1.1//EN" "http://www.w3.org/TR/xhtml11/DTD/xhtml11.dtd">
<html xmlns="http://www.w3.org/1999/xhtml">
<head>
<meta http-equiv="content-type" content="text/html; charset=UTF-8"/>
<title>TestNG Report</title>
<style type="text/css">table {margin-bottom:10px;border-collapse:collapse;empty-cells:show}th,td {border:1px solid #009;padding:.25em .5em}th {vertical-align:bottom}td {vertical-align:top}table a {font-weight:bold}.stripe td {background-color: #E6EBF9}.num {text-align:right}.passedodd td {background-color: #3F3}.passedeven td {background-color: #0A0}.skippedodd td {background-color: #DDD}.skippedeven td {background-color: #CCC}.failedodd td,.attn {background-color: #F33}.failedeven td,.stripe .attn {background-color: #D00}.stacktrace {white-space:pre;font-family:monospace}.totop {font-size:85%;text-align:center;border-bottom:2px solid #000}.invisible {display:none}</style>
</head>
<body>
<table>
<tr><th>Test</th><th># Passed</th><th># Skipped</th><th># Failed</th><th>Time (ms)</th><th>Included Groups</th><th>Excluded Groups</th></tr>
<tr><th colspan="7">Fliplearn Automation Suite</th></tr>
<tr><td><a href="#t0">Onboarding</a></td><td class="num">3</td><td class="num attn">1</td><td class="num">0</td><td class="num">217,428</td><td></td><td></td></tr>
<tr class="stripe"><td><a href="#t1">Login</a></td><td class="num">1</td><td class="num">0</td><td class="num">0</td><td class="num">26,447</td><td></td><td></td></tr>
<tr><th>Total</th><th class="num">4</th><th class="num attn">1</th><th class="num">0</th><th class="num">243,875</th><th colspan="2"></th></tr>
</table>
<table id='summary'><thead><tr><th>Class</th><th>Method</th><th>Start</th><th>Time (ms)</th></tr></thead><tbody><tr><th colspan="4">Fliplearn Automation Suite</th></tr></tbody><tbody id="t0"><tr><th colspan="4">Onboarding &#8212; skipped</th></tr><tr class="skippedeven"><td rowspan="1">com.fliplearn.flipapp.testcases.DoubtForum</td><td><a href="#m0">createDoubtWhenTextAndImageNotFoundMandatory</a></td><td rowspan="1">1563972758244</td><td rowspan="1">60629</td></tr><tr><th colspan="4">Onboarding &#8212; passed</th></tr><tr class="passedeven"><td rowspan="3">com.fliplearn.flipapp.testcases.DoubtForum</td><td><a href="#m1">createDoubtWhenTextAndImageNotFoundMandatory</a></td><td rowspan="3">1563972829478</td><td rowspan="3">35798</td></tr><tr class="passedeven"><td><a href="#m2">createDoubtWhenTextAndImageNotFoundMandatory</a></td></tr><tr class="passedeven"><td><a href="#m3">createDoubtWhenTextAndImageNotFoundMandatory</a></td></tr></tbody>
<tbody id="t1"><tr><th colspan="4">Login &#8212; passed</th></tr><tr class="passedeven"><td rowspan="1">com.fliplearn.flipapp.testcases.Login</td><td><a href="#m4">verifyLogin</a></td><td rowspan="1">1563972876572</td><td rowspan="1">15259</td></tr></tbody>
</table>
<h2>Onboarding</h2><h3 id="m0">com.fliplearn.flipapp.testcases.DoubtForum#createDoubtWhenTextAndImageNotFoundMandatory</h3><table class="result"><tr class="param"><th>Parameter #1</th></tr><tr class="param stripe"><td>Guest</td></tr><tr><th>Exception</th></tr><tr><td><div class="stacktrace">org.openqa.selenium.TimeoutException: Expected condition failed: waiting for visibility of Located by By.xpath: //button[@class=&apos;themeOutlineButton padding-10-60 mobilebtnBlock mobilemargin0&apos;] (tried for 60 second(s) with 500 milliseconds interval)
	at org.openqa.selenium.support.ui.WebDriverWait.timeoutException(WebDriverWait.java:95)
	at org.openqa.selenium.support.ui.FluentWait.until(FluentWait.java:272)
	at com.fliplearn.flipapp.helper.GenericFunctions.waitForElementVisibility(GenericFunctions.java:213)
	at com.fliplearn.flipapp.pagemodules.LoginModule.Login(LoginModule.java:81)
	at com.fliplearn.flipapp.testcases.DoubtForum.createDoubtWhenTextAndImageNotFoundMandatory(DoubtForum.java:79)
Caused by: org.openqa.selenium.NoSuchElementException: Can&apos;t locate an element by this strategy: By.xpath: //button[@class=&apos;themeOutlineButton padding-10-60 mobilebtnBlock mobilemargin0&apos;]
	at io.appium.java_client.pagefactory.AppiumElementLocator.findElement(AppiumElementLocator.java:126)
	at io.appium.java_client.pagefactory.interceptors.InterceptorOfASingleElement.intercept(InterceptorOfASingleElement.java:59)
	at org.openqa.selenium.remote.RemoteWebElement$$EnhancerByCGLIB$$d27c0df4.isDisplayed(&lt;generated&gt;)
	at org.openqa.selenium.support.ui.ExpectedConditions.elementIfVisible(ExpectedConditions.java:314)
	at org.openqa.selenium.support.ui.ExpectedConditions.access$000(ExpectedConditions.java:43)
	at org.openqa.selenium.support.ui.ExpectedConditions$10.apply(ExpectedConditions.java:300)
	at org.openqa.selenium.support.ui.ExpectedConditions$10.apply(ExpectedConditions.java:297)
	at org.openqa.selenium.support.ui.FluentWait.until(FluentWait.java:249)
	... 28 more
Caused by: org.openqa.selenium.TimeoutException: Expected condition failed: waiting for io.appium.java_client.pagefactory.AppiumElementLocator$WaitingFunction@4bcaa195 (tried for 1 second(s) with 500 milliseconds interval)
	at org.openqa.selenium.support.ui.FluentWait.timeoutException(FluentWait.java:304)
	at org.openqa.selenium.support.ui.FluentWait.until(FluentWait.java:272)
	at io.appium.java_client.pagefactory.AppiumElementLocator.waitFor(AppiumElementLocator.java:99)
	at io.appium.java_client.pagefactory.AppiumElementLocator.findElement(AppiumElementLocator.java:119)
	... 35 more
Caused by: org.openqa.selenium.NoSuchElementException: no such element: Unable to locate element: {&quot;method&quot;:&quot;xpath&quot;,&quot;selector&quot;:&quot;//button[@class=&apos;themeOutlineButton padding-10-60 mobilebtnBlock mobilemargin0&apos;]&quot;}
  (Session info: chrome=75.0.3770.142)
For documentation on this error, please visit: https://www.seleniumhq.org/exceptions/no_such_element.html
Build info: version: &apos;3.141.59&apos;, revision: &apos;e82be7d358&apos;, time: &apos;2018-11-14T08:17:03&apos;
System info: host: &apos;ip-192-168-10-84.ap-south-1.compute.internal&apos;, ip: &apos;fe80:0:0:0:8e4:ed81:7a76:a8fc%en0&apos;, os.name: &apos;Mac OS X&apos;, os.arch: &apos;x86_64&apos;, os.version: &apos;10.14.5&apos;, java.version: &apos;11.0.1&apos;
Driver info: org.openqa.selenium.chrome.ChromeDriver
Capabilities {acceptInsecureCerts: false, browserName: chrome, browserVersion: 75.0.3770.142, chrome: {chromedriverVersion: 75.0.3770.90 (a6dcaf7e3ec6f..., userDataDir: /var/folders/gl/sxfvlyrd7g9...}, goog:chromeOptions: {debuggerAddress: localhost:55999}, javascriptEnabled: true, networkConnectionEnabled: false, pageLoadStrategy: normal, platform: MAC, platformName: MAC, proxy: Proxy(), setWindowRect: true, strictFileInteractability: false, timeouts: {implicit: 0, pageLoad: 300000, script: 30000}, unhandledPromptBehavior: dismiss and notify}
Session ID: a584eb0976ade59fd3c87600d581548e
*** Element info: {Using=xpath, value=//button[@class=&apos;themeOutlineButton padding-10-60 mobilebtnBlock mobilemargin0&apos;]}
	at org.openqa.selenium.remote.http.W3CHttpResponseCodec.createException(W3CHttpResponseCodec.java:187)
	at org.openqa.selenium.remote.http.W3CHttpResponseCodec.decode(W3CHttpResponseCodec.java:122)
	at org.openqa.selenium.remote.http.W3CHttpResponseCodec.decode(W3CHttpResponseCodec.java:49)
	at org.openqa.selenium.remote.HttpCommandExecutor.execute(HttpCommandExecutor.java:158)
	at org.openqa.selenium.remote.service.DriverCommandExecutor.execute(DriverCommandExecutor.java:83)
	at org.openqa.selenium.remote.RemoteWebDriver.execute(RemoteWebDriver.java:552)
	at org.openqa.selenium.remote.RemoteWebDriver.findElement(RemoteWebDriver.java:323)
	at org.openqa.selenium.remote.RemoteWebDriver.findElementByXPath(RemoteWebDriver.java:428)
	at org.openqa.selenium.By$ByXPath.findElement(By.java:353)
	at org.openqa.selenium.remote.RemoteWebDriver.findElement(RemoteWebDriver.java:315)
	at io.appium.java_client.pagefactory.bys.ContentMappedBy.findElement(ContentMappedBy.java:50)
	at org.openqa.selenium.remote.RemoteWebDriver.findElement(RemoteWebDriver.java:315)
	at io.appium.java_client.pagefactory.AppiumElementLocator.lambda$0(AppiumElementLocator.java:120)
	at io.appium.java_client.pagefactory.AppiumElementLocator$WaitingFunction.apply(AppiumElementLocator.java:172)
	at io.appium.java_client.pagefactory.AppiumElementLocator$WaitingFunction.apply(AppiumElementLocator.java:1)
	at org.openqa.selenium.support.ui.FluentWait.until(FluentWait.java:249)
	... 37 more
... Removed 29 stack frames</div></td></tr></table><p class="totop"><a href="#summary">back to summary</a></p>
<h3 id="m1">com.fliplearn.flipapp.testcases.DoubtForum#createDoubtWhenTextAndImageNotFoundMandatory</h3><table class="result"><tr class="param"><th>Parameter #1</th></tr><tr class="param stripe"><td>Guest</td></tr></table><p class="totop"><a href="#summary">back to summary</a></p>
<h3 id="m2">com.fliplearn.flipapp.testcases.DoubtForum#createDoubtWhenTextAndImageNotFoundMandatory</h3><table class="result"><tr class="param"><th>Parameter #1</th></tr><tr class="param stripe"><td>Teacher</td></tr></table><p class="totop"><a href="#summary">back to summary</a></p>
<h3 id="m3">com.fliplearn.flipapp.testcases.DoubtForum#createDoubtWhenTextAndImageNotFoundMandatory</h3><table class="result"><tr class="param"><th>Parameter #1</th></tr><tr class="param stripe"><td>Student</td></tr></table><p class="totop"><a href="#summary">back to summary</a></p>
<h2>Login</h2><h3 id="m4">com.fliplearn.flipapp.testcases.Login#verifyLogin</h3><table class="result"><tr><th class="invisible"/></tr></table><p class="totop"><a href="#summary">back to summary</a></p>
</body>
</html>
